<?xml version="1.0" encoding="UTF-8"?>
<testng-results skipped="0" failed="1" total="1" passed="0">
  <reporter-output>
  </reporter-output>
  <suite name="Default suite" duration-ms="19219" started-at="2021-09-24T08:18:35Z" finished-at="2021-09-24T08:18:54Z">
    <groups>
    </groups>
    <test name="Default test" duration-ms="19219" started-at="2021-09-24T08:18:35Z" finished-at="2021-09-24T08:18:54Z">
      <class name="test.BankNifty.BankNifty_dataScrap">
        <test-method status="FAIL" signature="banknifty()[pri:0, instance:test.BankNifty.BankNifty_dataScrap@57baeedf]" name="banknifty" duration-ms="19181" started-at="2021-09-24T13:48:35Z" finished-at="2021-09-24T13:48:54Z">
          <exception class="java.lang.NumberFormatException">
            <message>
              <![CDATA[multiple points]]>
            </message>
            <full-stacktrace>
              <![CDATA[java.lang.NumberFormatException: multiple points
	at sun.misc.FloatingDecimal.readJavaFormatString(FloatingDecimal.java:1914)
	at sun.misc.FloatingDecimal.parseFloat(FloatingDecimal.java:122)
	at java.lang.Float.parseFloat(Float.java:451)
	at test.BankNifty.BankNifty_dataScrap.banknifty(BankNifty_dataScrap.java:142)
	at sun.reflect.NativeMethodAccessorImpl.invoke0(Native Method)
	at sun.reflect.NativeMethodAccessorImpl.invoke(NativeMethodAccessorImpl.java:62)
	at sun.reflect.DelegatingMethodAccessorImpl.invoke(DelegatingMethodAccessorImpl.java:43)
	at java.lang.reflect.Method.invoke(Method.java:498)
	at org.testng.internal.MethodInvocationHelper.invokeMethod(MethodInvocationHelper.java:100)
	at org.testng.internal.Invoker.invokeMethod(Invoker.java:646)
	at org.testng.internal.Invoker.invokeTestMethod(Invoker.java:811)
	at org.testng.internal.Invoker.invokeTestMethods(Invoker.java:1129)
	at org.testng.internal.TestMethodWorker.invokeTestMethods(TestMethodWorker.java:129)
	at org.testng.internal.TestMethodWorker.run(TestMethodWorker.java:112)
	at org.testng.TestRunner.privateRun(TestRunner.java:746)
	at org.testng.TestRunner.run(TestRunner.java:600)
	at org.testng.SuiteRunner.runTest(SuiteRunner.java:366)
	at org.testng.SuiteRunner.runSequentially(SuiteRunner.java:361)
	at org.testng.SuiteRunner.privateRun(SuiteRunner.java:319)
	at org.testng.SuiteRunner.run(SuiteRunner.java:268)
	at org.testng.SuiteRunnerWorker.runSuite(SuiteRunnerWorker.java:52)
	at org.testng.SuiteRunnerWorker.run(SuiteRunnerWorker.java:86)
	at org.testng.TestNG.runSuitesSequentially(TestNG.java:1264)
	at org.testng.TestNG.runSuitesLocally(TestNG.java:1189)
	at org.testng.TestNG.runSuites(TestNG.java:1104)
	at org.testng.TestNG.run(TestNG.java:1076)
	at org.testng.remote.AbstractRemoteTestNG.run(AbstractRemoteTestNG.java:126)
	at org.testng.remote.RemoteTestNG.initAndRun(RemoteTestNG.java:152)
	at org.testng.remote.RemoteTestNG.main(RemoteTestNG.java:57)
]]>
            </full-stacktrace>
          </exception> <!-- java.lang.NumberFormatException -->
          <reporter-output>
          </reporter-output>
        </test-method> <!-- banknifty -->
      </class> <!-- test.BankNifty.BankNifty_dataScrap -->
    </test> <!-- Default test -->
  </suite> <!-- Default suite -->
</testng-results>
